[I 200624 05:47:48 main:31] Database pool has started!
[I 200624 05:47:48 main:33] Discord Logger has been configured
[I 200624 05:47:51 main:134] jsk has been loaded
[I 200624 05:47:51 main:135] Schema configured
[I 200624 05:47:51 main:140] approval addon loaded
[I 200624 05:47:51 main:140] setup addon loaded
[I 200624 05:47:51 main:140] botowner addon loaded
[I 200624 05:47:51 main:140] events addon loaded
[I 200624 05:47:51 main:140] mod addon loaded
[I 200624 05:47:51 main:140] misc addon loaded
[I 200624 05:47:51 main:140] warn addon loaded
[I 200624 05:47:51 main:151] qrgen cog loaded
[I 200624 05:47:51 main:151] memes cog loaded
[I 200624 05:47:51 main:151] toggleroles cog loaded
[I 200624 05:47:51 main:151] colors cog loaded
[I 200624 05:47:51 main:151] accountinfo cog loaded
[I 200624 05:47:51 main:159] LOGIN: Client logged in as Creative Name Here
[I 200624 05:51:38 main:31] Database pool has started!
[I 200624 05:51:38 main:33] Discord Logger has been configured
[I 200624 05:51:40 main:134] jsk has been loaded
[I 200624 05:51:40 main:135] Schema configured
[I 200624 05:51:40 main:140] approval addon loaded
[I 200624 05:51:40 main:140] setup addon loaded
[I 200624 05:51:40 main:140] botowner addon loaded
[I 200624 05:51:40 main:140] events addon loaded
[I 200624 05:51:40 main:140] mod addon loaded
[I 200624 05:51:40 main:140] misc addon loaded
[I 200624 05:51:40 main:140] warn addon loaded
[I 200624 05:51:40 main:151] qrgen cog loaded
[I 200624 05:51:40 main:151] memes cog loaded
[I 200624 05:51:40 main:151] toggleroles cog loaded
[I 200624 05:51:40 main:151] colors cog loaded
[I 200624 05:51:40 main:151] accountinfo cog loaded
[I 200624 05:51:40 main:159] LOGIN: Client logged in as Creative Name Here
[I 200624 06:02:24 main:31] Database pool has started!
[I 200624 06:02:24 main:33] Discord Logger has been configured
[I 200624 06:02:27 main:134] jsk has been loaded
[I 200624 06:02:27 main:135] Schema configured
[I 200624 06:02:27 main:140] approval addon loaded
[I 200624 06:02:27 main:140] setup addon loaded
[I 200624 06:02:27 main:140] botowner addon loaded
[I 200624 06:02:27 main:140] events addon loaded
[I 200624 06:02:27 main:140] mod addon loaded
[I 200624 06:02:27 main:140] misc addon loaded
[I 200624 06:02:27 main:140] warn addon loaded
[I 200624 06:02:27 main:151] qrgen cog loaded
[I 200624 06:02:27 main:151] memes cog loaded
[I 200624 06:02:27 main:151] toggleroles cog loaded
[I 200624 06:02:27 main:151] colors cog loaded
[I 200624 06:02:27 main:151] accountinfo cog loaded
[I 200624 06:02:27 main:159] LOGIN: Client logged in as Creative Name Here
[I 200624 06:14:04 main:31] Database pool has started!
[I 200624 06:14:04 main:33] Discord Logger has been configured
[I 200624 06:14:07 main:134] jsk has been loaded
[I 200624 06:14:07 main:135] Schema configured
[I 200624 06:14:07 main:140] approval addon loaded
[I 200624 06:14:07 main:140] setup addon loaded
[I 200624 06:14:07 main:140] botowner addon loaded
[I 200624 06:14:07 main:140] events addon loaded
[I 200624 06:14:07 main:140] mod addon loaded
[I 200624 06:14:07 main:140] misc addon loaded
[I 200624 06:14:07 main:140] warn addon loaded
[I 200624 06:14:07 main:151] qrgen cog loaded
[I 200624 06:14:07 main:151] memes cog loaded
[I 200624 06:14:07 main:151] toggleroles cog loaded
[I 200624 06:14:07 main:151] colors cog loaded
[I 200624 06:14:07 main:151] accountinfo cog loaded
[I 200624 06:14:07 main:159] LOGIN: Client logged in as Creative Name Here
[I 200624 13:26:35 main:31] Database pool has started!
[I 200624 13:26:35 main:33] Discord Logger has been configured
[I 200624 13:26:38 main:134] jsk has been loaded
[I 200624 13:26:38 main:135] Schema configured
[I 200624 13:26:38 main:140] approval addon loaded
[I 200624 13:26:38 main:140] setup addon loaded
[E 200624 13:26:38 main:144] Failed to load botowner:
    Traceback (most recent call last):
      File "/home/ridley/.local/lib/python3.8/site-packages/discord/ext/commands/bot.py", line 596, in _load_from_module_spec
        spec.loader.exec_module(lib)
      File "<frozen importlib._bootstrap_external>", line 779, in exec_module
      File "<frozen importlib._bootstrap_external>", line 916, in get_code
      File "<frozen importlib._bootstrap_external>", line 846, in source_to_code
      File "<frozen importlib._bootstrap>", line 219, in _call_with_frames_removed
      File "/home/ridley/Untitled-Discord-Bot/addons/botowner.py", line 185
        await ctx.send("Restarted!")
                                   ^
    TabError: inconsistent use of tabs and spaces in indentation
    
    The above exception was the direct cause of the following exception:
    
    Traceback (most recent call last):
      File "main.py", line 139, in on_ready
        self.load_extension("addons." + addon)
      File "/home/ridley/.local/lib/python3.8/site-packages/discord/ext/commands/bot.py", line 653, in load_extension
        self._load_from_module_spec(spec, name)
      File "/home/ridley/.local/lib/python3.8/site-packages/discord/ext/commands/bot.py", line 599, in _load_from_module_spec
        raise errors.ExtensionFailed(key, e) from e
    discord.ext.commands.errors.ExtensionFailed: Extension 'addons.botowner' raised an error: TabError: inconsistent use of tabs and spaces in indentation (botowner.py, line 185)
    Traceback (most recent call last):
      File "/home/ridley/.local/lib/python3.8/site-packages/discord/ext/commands/bot.py", line 596, in _load_from_module_spec
        spec.loader.exec_module(lib)
      File "<frozen importlib._bootstrap_external>", line 779, in exec_module
      File "<frozen importlib._bootstrap_external>", line 916, in get_code
      File "<frozen importlib._bootstrap_external>", line 846, in source_to_code
      File "<frozen importlib._bootstrap>", line 219, in _call_with_frames_removed
      File "/home/ridley/Untitled-Discord-Bot/addons/botowner.py", line 185
        await ctx.send("Restarted!")
                                   ^
    TabError: inconsistent use of tabs and spaces in indentation
    
    The above exception was the direct cause of the following exception:
    
    Traceback (most recent call last):
      File "main.py", line 139, in on_ready
        self.load_extension("addons." + addon)
      File "/home/ridley/.local/lib/python3.8/site-packages/discord/ext/commands/bot.py", line 653, in load_extension
        self._load_from_module_spec(spec, name)
      File "/home/ridley/.local/lib/python3.8/site-packages/discord/ext/commands/bot.py", line 599, in _load_from_module_spec
        raise errors.ExtensionFailed(key, e) from e
    discord.ext.commands.errors.ExtensionFailed: Extension 'addons.botowner' raised an error: TabError: inconsistent use of tabs and spaces in indentation (botowner.py, line 185)
[I 200624 13:26:38 main:140] events addon loaded
[I 200624 13:26:38 main:140] mod addon loaded
[I 200624 13:26:38 main:140] misc addon loaded
[I 200624 13:26:38 main:140] warn addon loaded
[I 200624 13:26:38 main:151] qrgen cog loaded
[I 200624 13:26:38 main:151] memes cog loaded
[I 200624 13:26:38 main:151] toggleroles cog loaded
[I 200624 13:26:38 main:151] colors cog loaded
[I 200624 13:26:38 main:151] accountinfo cog loaded
[I 200624 13:26:38 main:159] LOGIN: Client logged in as Creative Name Here
[I 200624 13:28:46 main:31] Database pool has started!
[I 200624 13:28:46 main:33] Discord Logger has been configured
[I 200624 13:28:49 main:134] jsk has been loaded
[I 200624 13:28:49 main:135] Schema configured
[I 200624 13:28:49 main:140] approval addon loaded
[I 200624 13:28:49 main:140] setup addon loaded
[I 200624 13:28:49 main:140] botowner addon loaded
[I 200624 13:28:49 main:140] events addon loaded
[I 200624 13:28:49 main:140] mod addon loaded
[I 200624 13:28:49 main:140] misc addon loaded
[I 200624 13:28:49 main:140] warn addon loaded
[I 200624 13:28:49 main:151] qrgen cog loaded
[I 200624 13:28:49 main:151] memes cog loaded
[I 200624 13:28:49 main:151] toggleroles cog loaded
[I 200624 13:28:49 main:151] colors cog loaded
[I 200624 13:28:49 main:151] accountinfo cog loaded
[I 200624 13:28:49 main:159] LOGIN: Client logged in as Creative Name Here
[I 200624 14:12:33 main:31] Database pool has started!
[I 200624 14:12:33 main:33] Discord Logger has been configured
[I 200624 14:13:53 main:31] Database pool has started!
[I 200624 14:13:53 main:33] Discord Logger has been configured
[E 200624 14:13:56 main:60] A SQL error has occurred while running the schema, traceback is:
    Traceback (most recent call last):
      File "main.py", line 58, in preparedb
        await conn.execute(schema.read())
      File "/home/ridley/.local/lib/python3.8/site-packages/asyncpg/connection.py", line 272, in execute
        return await self._protocol.query(query, timeout)
      File "asyncpg/protocol/protocol.pyx", line 316, in query
    asyncpg.exceptions.UndefinedObjectError: role "bot" does not exist
    Traceback (most recent call last):
      File "main.py", line 58, in preparedb
        await conn.execute(schema.read())
      File "/home/ridley/.local/lib/python3.8/site-packages/asyncpg/connection.py", line 272, in execute
        return await self._protocol.query(query, timeout)
      File "asyncpg/protocol/protocol.pyx", line 316, in query
    asyncpg.exceptions.UndefinedObjectError: role "bot" does not exist
[I 200624 14:16:12 main:31] Database pool has started!
[I 200624 14:16:12 main:33] Discord Logger has been configured
[I 200624 14:16:15 main:134] jsk has been loaded
[I 200624 14:16:15 main:135] Schema configured
[I 200624 14:16:15 main:140] approval addon loaded
[I 200624 14:16:15 main:140] setup addon loaded
[I 200624 14:16:15 main:140] botowner addon loaded
[I 200624 14:16:15 main:140] events addon loaded
[I 200624 14:16:15 main:140] mod addon loaded
[I 200624 14:16:15 main:140] misc addon loaded
[I 200624 14:16:15 main:140] warn addon loaded
[I 200624 14:16:15 main:151] qrgen cog loaded
[I 200624 14:16:15 main:151] memes cog loaded
[I 200624 14:16:15 main:151] toggleroles cog loaded
[I 200624 14:16:15 main:151] colors cog loaded
[I 200624 14:16:15 main:151] accountinfo cog loaded
[I 200624 14:16:15 main:159] LOGIN: Client logged in as Creative Name Here
[I 200624 14:17:57 main:31] Database pool has started!
[I 200624 14:17:57 main:33] Discord Logger has been configured
[I 200624 14:18:00 main:134] jsk has been loaded
[I 200624 14:18:00 main:135] Schema configured
[I 200624 14:18:00 main:140] approval addon loaded
[I 200624 14:18:00 main:140] setup addon loaded
[I 200624 14:18:00 main:140] botowner addon loaded
[I 200624 14:18:00 main:140] events addon loaded
[I 200624 14:18:00 main:140] mod addon loaded
[I 200624 14:18:00 main:140] misc addon loaded
[I 200624 14:18:00 main:140] warn addon loaded
[I 200624 14:18:00 main:151] qrgen cog loaded
[I 200624 14:18:00 main:151] memes cog loaded
[I 200624 14:18:00 main:151] toggleroles cog loaded
[I 200624 14:18:00 main:151] colors cog loaded
[I 200624 14:18:00 main:151] accountinfo cog loaded
[I 200624 14:18:00 main:159] LOGIN: Client logged in as Creative Name Here
[I 200624 14:19:09 main:31] Database pool has started!
[I 200624 14:19:09 main:33] Discord Logger has been configured
[I 200624 14:19:12 main:134] jsk has been loaded
[I 200624 14:19:12 main:135] Schema configured
[I 200624 14:19:12 main:140] approval addon loaded
[I 200624 14:19:12 main:140] setup addon loaded
[I 200624 14:19:12 main:140] botowner addon loaded
[I 200624 14:19:12 main:140] events addon loaded
[I 200624 14:19:12 main:140] mod addon loaded
[I 200624 14:19:12 main:140] misc addon loaded
[I 200624 14:19:12 main:140] warn addon loaded
[I 200624 14:19:12 main:151] qrgen cog loaded
[I 200624 14:19:12 main:151] memes cog loaded
[I 200624 14:19:12 main:151] toggleroles cog loaded
[I 200624 14:19:12 main:151] colors cog loaded
[I 200624 14:19:12 main:151] accountinfo cog loaded
[I 200624 14:19:12 main:159] LOGIN: Client logged in as Creative Name Here
[I 200624 14:19:34 main:31] Database pool has started!
[I 200624 14:19:34 main:33] Discord Logger has been configured
[I 200624 14:19:37 main:134] jsk has been loaded
[I 200624 14:19:37 main:135] Schema configured
[I 200624 14:19:37 main:140] approval addon loaded
[I 200624 14:19:37 main:140] setup addon loaded
[I 200624 14:19:37 main:140] botowner addon loaded
[I 200624 14:19:37 main:140] events addon loaded
[I 200624 14:19:37 main:140] mod addon loaded
[I 200624 14:19:37 main:140] misc addon loaded
[I 200624 14:19:37 main:140] warn addon loaded
[I 200624 14:19:37 main:151] qrgen cog loaded
[I 200624 14:19:37 main:151] memes cog loaded
[I 200624 14:19:37 main:151] toggleroles cog loaded
[I 200624 14:19:37 main:151] colors cog loaded
[I 200624 14:19:37 main:151] accountinfo cog loaded
[I 200624 14:19:37 main:159] LOGIN: Client logged in as Creative Name Here
[I 200624 14:21:57 main:31] Database pool has started!
[I 200624 14:21:57 main:33] Discord Logger has been configured
[I 200624 14:21:59 main:134] jsk has been loaded
[I 200624 14:21:59 main:135] Schema configured
[I 200624 14:21:59 main:140] approval addon loaded
[I 200624 14:21:59 main:140] setup addon loaded
[I 200624 14:21:59 main:140] botowner addon loaded
[I 200624 14:21:59 main:140] events addon loaded
[I 200624 14:21:59 main:140] mod addon loaded
[I 200624 14:21:59 main:140] misc addon loaded
[I 200624 14:21:59 main:140] warn addon loaded
[I 200624 14:21:59 main:151] qrgen cog loaded
[I 200624 14:21:59 main:151] memes cog loaded
[I 200624 14:21:59 main:151] toggleroles cog loaded
[I 200624 14:21:59 main:151] colors cog loaded
[I 200624 14:21:59 main:151] accountinfo cog loaded
[I 200624 14:21:59 main:159] LOGIN: Client logged in as Creative Name Here
[I 200624 14:22:09 main:31] Database pool has started!
[I 200624 14:22:09 main:33] Discord Logger has been configured
[I 200624 14:22:11 main:134] jsk has been loaded
[I 200624 14:22:11 main:135] Schema configured
[I 200624 14:22:11 main:140] approval addon loaded
[I 200624 14:22:11 main:140] setup addon loaded
[I 200624 14:22:11 main:140] botowner addon loaded
[I 200624 14:22:11 main:140] events addon loaded
[I 200624 14:22:11 main:140] mod addon loaded
[I 200624 14:22:12 main:140] misc addon loaded
[I 200624 14:22:12 main:140] warn addon loaded
[I 200624 14:22:12 main:151] qrgen cog loaded
[I 200624 14:22:12 main:151] memes cog loaded
[I 200624 14:22:12 main:151] toggleroles cog loaded
[I 200624 14:22:12 main:151] colors cog loaded
[I 200624 14:22:12 main:151] accountinfo cog loaded
[I 200624 14:22:12 main:159] LOGIN: Client logged in as Creative Name Here
[I 200624 14:22:23 main:31] Database pool has started!
[I 200624 14:22:23 main:33] Discord Logger has been configured
[I 200624 14:22:25 main:134] jsk has been loaded
[I 200624 14:22:25 main:135] Schema configured
[I 200624 14:22:25 main:140] approval addon loaded
[I 200624 14:22:25 main:140] setup addon loaded
[I 200624 14:22:25 main:140] botowner addon loaded
[I 200624 14:22:25 main:140] events addon loaded
[I 200624 14:22:25 main:140] mod addon loaded
[I 200624 14:22:25 main:140] misc addon loaded
[I 200624 14:22:25 main:140] warn addon loaded
[I 200624 14:22:26 main:151] qrgen cog loaded
[I 200624 14:22:26 main:151] memes cog loaded
[I 200624 14:22:26 main:151] toggleroles cog loaded
[I 200624 14:22:26 main:151] colors cog loaded
[I 200624 14:22:26 main:151] accountinfo cog loaded
[I 200624 14:22:26 main:159] LOGIN: Client logged in as Creative Name Here
[I 200624 14:24:34 main:31] Database pool has started!
[I 200624 14:24:34 main:33] Discord Logger has been configured
[I 200624 14:24:37 main:134] jsk has been loaded
[I 200624 14:24:37 main:135] Schema configured
[I 200624 14:24:37 main:140] approval addon loaded
[I 200624 14:24:37 main:140] setup addon loaded
[I 200624 14:24:37 main:140] botowner addon loaded
[I 200624 14:24:37 main:140] events addon loaded
[I 200624 14:24:37 main:140] mod addon loaded
[I 200624 14:24:37 main:140] misc addon loaded
[I 200624 14:24:37 main:140] warn addon loaded
[I 200624 14:24:37 main:151] qrgen cog loaded
[I 200624 14:24:37 main:151] memes cog loaded
[I 200624 14:24:37 main:151] toggleroles cog loaded
[I 200624 14:24:37 main:151] colors cog loaded
[I 200624 14:24:37 main:151] accountinfo cog loaded
[I 200624 14:24:37 main:159] LOGIN: Client logged in as Creative Name Here
[I 200624 14:33:53 main:31] Database pool has started!
[I 200624 14:33:53 main:33] Discord Logger has been configured
[I 200624 14:33:56 main:134] jsk has been loaded
[I 200624 14:33:56 main:135] Schema configured
[I 200624 14:33:56 main:140] approval addon loaded
[I 200624 14:33:56 main:140] setup addon loaded
[I 200624 14:33:56 main:140] botowner addon loaded
[I 200624 14:33:56 main:140] events addon loaded
[I 200624 14:33:56 main:140] mod addon loaded
[I 200624 14:33:56 main:140] misc addon loaded
[I 200624 14:33:56 main:140] warn addon loaded
[I 200624 14:33:56 main:151] qrgen cog loaded
[I 200624 14:33:56 main:151] memes cog loaded
[I 200624 14:33:56 main:151] toggleroles cog loaded
[I 200624 14:33:56 main:151] colors cog loaded
[I 200624 14:33:56 main:151] accountinfo cog loaded
[I 200624 14:33:56 main:159] LOGIN: Client logged in as Creative Name Here
[I 200624 14:38:26 main:31] Database pool has started!
[I 200624 14:38:26 main:33] Discord Logger has been configured
[I 200624 14:38:28 main:134] jsk has been loaded
[I 200624 14:38:28 main:135] Schema configured
[I 200624 14:38:28 main:140] approval addon loaded
[I 200624 14:38:28 main:140] setup addon loaded
[I 200624 14:38:28 main:140] botowner addon loaded
[I 200624 14:38:28 main:140] events addon loaded
[I 200624 14:38:28 main:140] mod addon loaded
[I 200624 14:38:28 main:140] misc addon loaded
[I 200624 14:38:28 main:140] warn addon loaded
[I 200624 14:38:28 main:151] qrgen cog loaded
[I 200624 14:38:29 main:151] memes cog loaded
[I 200624 14:38:29 main:151] toggleroles cog loaded
[I 200624 14:38:29 main:151] colors cog loaded
[I 200624 14:38:29 main:151] accountinfo cog loaded
[I 200624 14:38:29 main:159] LOGIN: Client logged in as Creative Name Here
[I 200624 14:42:27 main:31] Database pool has started!
[I 200624 14:42:27 main:33] Discord Logger has been configured
[I 200624 14:42:29 main:134] jsk has been loaded
[I 200624 14:42:29 main:135] Schema configured
[I 200624 14:42:29 main:140] approval addon loaded
[I 200624 14:42:29 main:140] setup addon loaded
[I 200624 14:42:29 main:140] botowner addon loaded
[I 200624 14:42:29 main:140] events addon loaded
[I 200624 14:42:29 main:140] mod addon loaded
[I 200624 14:42:29 main:140] misc addon loaded
[I 200624 14:42:29 main:140] warn addon loaded
[I 200624 14:42:29 main:151] qrgen cog loaded
[I 200624 14:42:29 main:151] memes cog loaded
[I 200624 14:42:29 main:151] toggleroles cog loaded
[I 200624 14:42:29 main:151] colors cog loaded
[I 200624 14:42:29 main:151] accountinfo cog loaded
[I 200624 14:42:29 main:159] LOGIN: Client logged in as Creative Name Here
[I 200624 14:53:44 main:31] Database pool has started!
[I 200624 14:53:44 main:33] Discord Logger has been configured
[I 200624 14:53:47 main:134] jsk has been loaded
[I 200624 14:53:47 main:135] Schema configured
[I 200624 14:53:47 main:140] approval addon loaded
[I 200624 14:53:47 main:140] setup addon loaded
[I 200624 14:53:47 main:140] botowner addon loaded
[I 200624 14:53:47 main:140] events addon loaded
[I 200624 14:53:47 main:140] mod addon loaded
[I 200624 14:53:47 main:140] misc addon loaded
[I 200624 14:53:47 main:140] warn addon loaded
[I 200624 14:53:47 main:151] qrgen cog loaded
[I 200624 14:53:47 main:151] memes cog loaded
[I 200624 14:53:47 main:151] toggleroles cog loaded
[I 200624 14:53:47 main:151] colors cog loaded
[I 200624 14:53:47 main:151] accountinfo cog loaded
[I 200624 14:53:47 main:159] LOGIN: Client logged in as Creative Name Here
[I 200624 14:54:02 main:31] Database pool has started!
[I 200624 14:54:02 main:33] Discord Logger has been configured
[I 200624 14:54:05 main:134] jsk has been loaded
[I 200624 14:54:05 main:135] Schema configured
[I 200624 14:54:05 main:140] approval addon loaded
[I 200624 14:54:05 main:140] setup addon loaded
[I 200624 14:54:05 main:140] botowner addon loaded
[I 200624 14:54:05 main:140] events addon loaded
[I 200624 14:54:05 main:140] mod addon loaded
[I 200624 14:54:05 main:140] misc addon loaded
[I 200624 14:54:05 main:140] warn addon loaded
[I 200624 14:54:05 main:151] qrgen cog loaded
[I 200624 14:54:05 main:151] memes cog loaded
[I 200624 14:54:05 main:151] toggleroles cog loaded
[I 200624 14:54:05 main:151] colors cog loaded
[I 200624 14:54:05 main:151] accountinfo cog loaded
[I 200624 14:54:05 main:159] LOGIN: Client logged in as Creative Name Here
[I 200624 14:54:29 main:31] Database pool has started!
[I 200624 14:54:29 main:33] Discord Logger has been configured
[I 200624 14:54:32 main:134] jsk has been loaded
[I 200624 14:54:32 main:135] Schema configured
[I 200624 14:54:32 main:140] approval addon loaded
[I 200624 14:54:32 main:140] setup addon loaded
[I 200624 14:54:32 main:140] botowner addon loaded
[I 200624 14:54:32 main:140] events addon loaded
[I 200624 14:54:32 main:140] mod addon loaded
[I 200624 14:54:32 main:140] misc addon loaded
[I 200624 14:54:32 main:140] warn addon loaded
[I 200624 14:54:32 main:151] qrgen cog loaded
[I 200624 14:54:32 main:151] memes cog loaded
[I 200624 14:54:32 main:151] toggleroles cog loaded
[I 200624 14:54:32 main:151] colors cog loaded
[I 200624 14:54:32 main:151] accountinfo cog loaded
[I 200624 14:54:32 main:159] LOGIN: Client logged in as Creative Name Here
[I 200624 14:58:43 main:31] Database pool has started!
[I 200624 14:58:43 main:33] Discord Logger has been configured
[I 200624 14:58:46 main:134] jsk has been loaded
[I 200624 14:58:46 main:135] Schema configured
[I 200624 14:58:46 main:140] approval addon loaded
[I 200624 14:58:46 main:140] setup addon loaded
[I 200624 14:58:46 main:140] botowner addon loaded
[I 200624 14:58:46 main:140] events addon loaded
[I 200624 14:58:46 main:140] mod addon loaded
[I 200624 14:58:46 main:140] misc addon loaded
[I 200624 14:58:46 main:140] warn addon loaded
[I 200624 14:58:46 main:151] qrgen cog loaded
[I 200624 14:58:46 main:151] memes cog loaded
[I 200624 14:58:46 main:151] toggleroles cog loaded
[I 200624 14:58:46 main:151] colors cog loaded
[I 200624 14:58:46 main:151] accountinfo cog loaded
[I 200624 14:58:46 main:159] LOGIN: Client logged in as Creative Name Here
[I 200624 14:59:22 main:31] Database pool has started!
[I 200624 14:59:22 main:33] Discord Logger has been configured
[I 200624 14:59:25 main:134] jsk has been loaded
[I 200624 14:59:25 main:135] Schema configured
[I 200624 14:59:25 main:140] approval addon loaded
[I 200624 14:59:25 main:140] setup addon loaded
[I 200624 14:59:25 main:140] botowner addon loaded
[I 200624 14:59:25 main:140] events addon loaded
[I 200624 14:59:25 main:140] mod addon loaded
[I 200624 14:59:25 main:140] misc addon loaded
[I 200624 14:59:25 main:140] warn addon loaded
[I 200624 14:59:25 main:151] qrgen cog loaded
[I 200624 14:59:25 main:151] memes cog loaded
[I 200624 14:59:25 main:151] toggleroles cog loaded
[I 200624 14:59:25 main:151] colors cog loaded
[I 200624 14:59:25 main:151] accountinfo cog loaded
[I 200624 14:59:25 main:159] LOGIN: Client logged in as Creative Name Here
[I 200624 15:00:22 main:31] Database pool has started!
[I 200624 15:00:22 main:33] Discord Logger has been configured
[I 200624 15:00:25 main:134] jsk has been loaded
[I 200624 15:00:25 main:135] Schema configured
[I 200624 15:00:25 main:140] approval addon loaded
[I 200624 15:00:25 main:140] setup addon loaded
[I 200624 15:00:25 main:140] botowner addon loaded
[I 200624 15:00:25 main:140] events addon loaded
[I 200624 15:00:25 main:140] mod addon loaded
[I 200624 15:00:25 main:140] misc addon loaded
[I 200624 15:00:25 main:140] warn addon loaded
[I 200624 15:00:25 main:151] qrgen cog loaded
[I 200624 15:00:25 main:151] memes cog loaded
[I 200624 15:00:25 main:151] toggleroles cog loaded
[I 200624 15:00:25 main:151] colors cog loaded
[I 200624 15:00:25 main:151] accountinfo cog loaded
[I 200624 15:00:25 main:159] LOGIN: Client logged in as Creative Name Here
[I 200624 15:13:51 main:31] Database pool has started!
[I 200624 15:13:51 main:33] Discord Logger has been configured
[I 200624 15:13:53 main:134] jsk has been loaded
[I 200624 15:13:53 main:135] Schema configured
[I 200624 15:13:53 main:140] approval addon loaded
[I 200624 15:13:53 main:140] setup addon loaded
[I 200624 15:13:53 main:140] botowner addon loaded
[I 200624 15:13:53 main:140] events addon loaded
[I 200624 15:13:53 main:140] mod addon loaded
[I 200624 15:13:53 main:140] misc addon loaded
[I 200624 15:13:53 main:140] warn addon loaded
[I 200624 15:13:53 main:151] qrgen cog loaded
[I 200624 15:13:53 main:151] memes cog loaded
[I 200624 15:13:53 main:151] toggleroles cog loaded
[I 200624 15:13:53 main:151] colors cog loaded
[I 200624 15:13:53 main:151] accountinfo cog loaded
[I 200624 15:13:53 main:159] LOGIN: Client logged in as Creative Name Here
[I 200624 15:23:11 main:31] Database pool has started!
[I 200624 15:23:11 main:33] Discord Logger has been configured
[I 200624 15:23:14 main:134] jsk has been loaded
[I 200624 15:23:14 main:135] Schema configured
[I 200624 15:23:14 main:140] approval addon loaded
[I 200624 15:23:14 main:140] setup addon loaded
[I 200624 15:23:14 main:140] botowner addon loaded
[I 200624 15:23:14 main:140] events addon loaded
[I 200624 15:23:14 main:140] mod addon loaded
[I 200624 15:23:14 main:140] misc addon loaded
[I 200624 15:23:14 main:140] warn addon loaded
[I 200624 15:23:14 main:151] qrgen cog loaded
[I 200624 15:23:14 main:151] memes cog loaded
[I 200624 15:23:14 main:151] toggleroles cog loaded
[I 200624 15:23:14 main:151] colors cog loaded
[I 200624 15:23:14 main:151] accountinfo cog loaded
[I 200624 15:23:14 main:159] LOGIN: Client logged in as Creative Name Here
[I 200624 15:28:57 main:31] Database pool has started!
[I 200624 15:28:57 main:33] Discord Logger has been configured
[I 200624 15:29:00 main:134] jsk has been loaded
[I 200624 15:29:00 main:135] Schema configured
[I 200624 15:29:00 main:140] approval addon loaded
[I 200624 15:29:00 main:140] setup addon loaded
[I 200624 15:29:00 main:140] botowner addon loaded
[I 200624 15:29:00 main:140] events addon loaded
[I 200624 15:29:00 main:140] mod addon loaded
[I 200624 15:29:00 main:140] misc addon loaded
[I 200624 15:29:00 main:140] warn addon loaded
[I 200624 15:29:00 main:151] qrgen cog loaded
[I 200624 15:29:00 main:151] memes cog loaded
[I 200624 15:29:00 main:151] toggleroles cog loaded
[I 200624 15:29:00 main:151] colors cog loaded
[I 200624 15:29:00 main:151] accountinfo cog loaded
[I 200624 15:29:00 main:159] LOGIN: Client logged in as Creative Name Here
[I 200624 19:34:23 main:31] Database pool has started!
[I 200624 19:34:23 main:33] Discord Logger has been configured
[I 200624 19:34:26 main:134] jsk has been loaded
[I 200624 19:34:26 main:135] Schema configured
[I 200624 19:34:26 main:140] approval addon loaded
[I 200624 19:34:26 main:140] setup addon loaded
[I 200624 19:34:26 main:140] botowner addon loaded
[I 200624 19:34:26 main:140] events addon loaded
[I 200624 19:34:26 main:140] mod addon loaded
[I 200624 19:34:26 main:140] misc addon loaded
[I 200624 19:34:26 main:140] warn addon loaded
[I 200624 19:34:26 main:151] qrgen cog loaded
[I 200624 19:34:26 main:151] memes cog loaded
[I 200624 19:34:26 main:151] toggleroles cog loaded
[I 200624 19:34:26 main:151] colors cog loaded
[I 200624 19:34:26 main:151] accountinfo cog loaded
[I 200624 19:34:26 main:159] LOGIN: Client logged in as Creative Name Here
[I 200624 20:00:01 main:31] Database pool has started!
[I 200624 20:00:01 main:33] Discord Logger has been configured
[I 200624 20:00:04 main:134] jsk has been loaded
[I 200624 20:00:04 main:135] Schema configured
[I 200624 20:00:04 main:140] approval addon loaded
[I 200624 20:00:04 main:140] setup addon loaded
[I 200624 20:00:04 main:140] botowner addon loaded
[I 200624 20:00:04 main:140] events addon loaded
[I 200624 20:00:04 main:140] mod addon loaded
[I 200624 20:00:04 main:140] misc addon loaded
[I 200624 20:00:04 main:140] warn addon loaded
[I 200624 20:00:04 main:151] qrgen cog loaded
[I 200624 20:00:04 main:151] memes cog loaded
[I 200624 20:00:04 main:151] toggleroles cog loaded
[I 200624 20:00:04 main:151] colors cog loaded
[I 200624 20:00:04 main:151] accountinfo cog loaded
[I 200624 20:00:04 main:159] LOGIN: Client logged in as Creative Name Here
[I 200626 15:37:48 main:31] Database pool has started!
[I 200626 15:37:48 main:33] Discord Logger has been configured
[I 200626 15:37:51 main:134] jsk has been loaded
[I 200626 15:37:51 main:135] Schema configured
[I 200626 15:37:51 main:140] approval addon loaded
[I 200626 15:37:51 main:140] setup addon loaded
[I 200626 15:37:51 main:140] botowner addon loaded
[I 200626 15:37:51 main:140] events addon loaded
[I 200626 15:37:51 main:140] mod addon loaded
[I 200626 15:37:51 main:140] misc addon loaded
[I 200626 15:37:51 main:140] warn addon loaded
[I 200626 15:37:51 main:151] qrgen cog loaded
[I 200626 15:37:51 main:151] memes cog loaded
[I 200626 15:37:51 main:151] toggleroles cog loaded
[I 200626 15:37:51 main:151] colors cog loaded
[I 200626 15:37:51 main:151] accountinfo cog loaded
[I 200626 15:37:51 main:159] LOGIN: Client logged in as Creative Name Here
[I 200626 15:40:50 main:31] Database pool has started!
[I 200626 15:40:50 main:33] Discord Logger has been configured
[I 200626 15:40:53 main:134] jsk has been loaded
[I 200626 15:40:53 main:135] Schema configured
[I 200626 15:40:53 main:140] approval addon loaded
[I 200626 15:40:53 main:140] setup addon loaded
[I 200626 15:40:53 main:140] botowner addon loaded
[I 200626 15:40:53 main:140] events addon loaded
[I 200626 15:40:53 main:140] mod addon loaded
[I 200626 15:40:53 main:140] misc addon loaded
[I 200626 15:40:53 main:140] warn addon loaded
[I 200626 15:40:53 main:151] qrgen cog loaded
[I 200626 15:40:53 main:151] memes cog loaded
[I 200626 15:40:53 main:151] toggleroles cog loaded
[I 200626 15:40:53 main:151] colors cog loaded
[I 200626 15:40:53 main:151] accountinfo cog loaded
[I 200626 15:40:53 main:159] LOGIN: Client logged in as Creative Name Here
[I 200626 15:44:44 main:31] Database pool has started!
[I 200626 15:44:44 main:33] Discord Logger has been configured
[I 200626 15:44:47 main:134] jsk has been loaded
[I 200626 15:44:47 main:135] Schema configured
[I 200626 15:44:47 main:140] approval addon loaded
[I 200626 15:44:47 main:140] setup addon loaded
[I 200626 15:44:47 main:140] botowner addon loaded
[I 200626 15:44:47 main:140] events addon loaded
[I 200626 15:44:47 main:140] mod addon loaded
[I 200626 15:44:47 main:140] misc addon loaded
[I 200626 15:44:47 main:140] warn addon loaded
[I 200626 15:44:47 main:151] qrgen cog loaded
[I 200626 15:44:47 main:151] memes cog loaded
[I 200626 15:44:47 main:151] toggleroles cog loaded
[I 200626 15:44:47 main:151] colors cog loaded
[I 200626 15:44:47 main:151] accountinfo cog loaded
[I 200626 15:44:47 main:159] LOGIN: Client logged in as Creative Name Here
[I 200626 15:46:57 main:31] Database pool has started!
[I 200626 15:46:57 main:33] Discord Logger has been configured
[I 200626 15:46:59 main:134] jsk has been loaded
[I 200626 15:46:59 main:135] Schema configured
[I 200626 15:46:59 main:140] approval addon loaded
[I 200626 15:46:59 main:140] setup addon loaded
[I 200626 15:46:59 main:140] botowner addon loaded
[I 200626 15:46:59 main:140] events addon loaded
[I 200626 15:46:59 main:140] mod addon loaded
[I 200626 15:46:59 main:140] misc addon loaded
[I 200626 15:46:59 main:140] warn addon loaded
[I 200626 15:46:59 main:151] qrgen cog loaded
[I 200626 15:46:59 main:151] memes cog loaded
[I 200626 15:46:59 main:151] toggleroles cog loaded
[I 200626 15:46:59 main:151] colors cog loaded
[I 200626 15:46:59 main:151] accountinfo cog loaded
[I 200626 15:46:59 main:159] LOGIN: Client logged in as Creative Name Here
[I 200626 15:47:51 main:31] Database pool has started!
[I 200626 15:47:51 main:33] Discord Logger has been configured
[I 200626 15:47:54 main:134] jsk has been loaded
[I 200626 15:47:54 main:135] Schema configured
[I 200626 15:47:54 main:140] approval addon loaded
[I 200626 15:47:54 main:140] setup addon loaded
[I 200626 15:47:54 main:140] botowner addon loaded
[I 200626 15:47:54 main:140] events addon loaded
[I 200626 15:47:54 main:140] mod addon loaded
[I 200626 15:47:54 main:140] misc addon loaded
[I 200626 15:47:54 main:140] warn addon loaded
[I 200626 15:47:54 main:151] qrgen cog loaded
[I 200626 15:47:54 main:151] memes cog loaded
[I 200626 15:47:54 main:151] toggleroles cog loaded
[I 200626 15:47:54 main:151] colors cog loaded
[I 200626 15:47:54 main:151] accountinfo cog loaded
[I 200626 15:47:54 main:159] LOGIN: Client logged in as Creative Name Here
[I 200626 16:00:23 main:31] Database pool has started!
[I 200626 16:00:23 main:33] Discord Logger has been configured
[I 200626 16:00:26 main:134] jsk has been loaded
[I 200626 16:00:26 main:135] Schema configured
[I 200626 16:00:26 main:140] approval addon loaded
[I 200626 16:00:26 main:140] setup addon loaded
[E 200626 16:00:26 main:144] Failed to load botowner:
    Traceback (most recent call last):
      File "/home/ridley/.local/lib/python3.8/site-packages/discord/ext/commands/bot.py", line 596, in _load_from_module_spec
        spec.loader.exec_module(lib)
      File "<frozen importlib._bootstrap_external>", line 779, in exec_module
      File "<frozen importlib._bootstrap_external>", line 916, in get_code
      File "<frozen importlib._bootstrap_external>", line 846, in source_to_code
      File "<frozen importlib._bootstrap>", line 219, in _call_with_frames_removed
      File "/home/ridley/Untitled-Discord-Bot/addons/botowner.py", line 172
        signal.signal(signal.SIGTERM, self.bot.logout())
                                                       ^
    TabError: inconsistent use of tabs and spaces in indentation
    
    The above exception was the direct cause of the following exception:
    
    Traceback (most recent call last):
      File "/home/ridley/Untitled-Discord-Bot/main.py", line 139, in on_ready
        self.load_extension("addons." + addon)
      File "/home/ridley/.local/lib/python3.8/site-packages/discord/ext/commands/bot.py", line 653, in load_extension
        self._load_from_module_spec(spec, name)
      File "/home/ridley/.local/lib/python3.8/site-packages/discord/ext/commands/bot.py", line 599, in _load_from_module_spec
        raise errors.ExtensionFailed(key, e) from e
    discord.ext.commands.errors.ExtensionFailed: Extension 'addons.botowner' raised an error: TabError: inconsistent use of tabs and spaces in indentation (botowner.py, line 172)
    Traceback (most recent call last):
      File "/home/ridley/.local/lib/python3.8/site-packages/discord/ext/commands/bot.py", line 596, in _load_from_module_spec
        spec.loader.exec_module(lib)
      File "<frozen importlib._bootstrap_external>", line 779, in exec_module
      File "<frozen importlib._bootstrap_external>", line 916, in get_code
      File "<frozen importlib._bootstrap_external>", line 846, in source_to_code
      File "<frozen importlib._bootstrap>", line 219, in _call_with_frames_removed
      File "/home/ridley/Untitled-Discord-Bot/addons/botowner.py", line 172
        signal.signal(signal.SIGTERM, self.bot.logout())
                                                       ^
    TabError: inconsistent use of tabs and spaces in indentation
    
    The above exception was the direct cause of the following exception:
    
    Traceback (most recent call last):
      File "/home/ridley/Untitled-Discord-Bot/main.py", line 139, in on_ready
        self.load_extension("addons." + addon)
      File "/home/ridley/.local/lib/python3.8/site-packages/discord/ext/commands/bot.py", line 653, in load_extension
        self._load_from_module_spec(spec, name)
      File "/home/ridley/.local/lib/python3.8/site-packages/discord/ext/commands/bot.py", line 599, in _load_from_module_spec
        raise errors.ExtensionFailed(key, e) from e
    discord.ext.commands.errors.ExtensionFailed: Extension 'addons.botowner' raised an error: TabError: inconsistent use of tabs and spaces in indentation (botowner.py, line 172)
[I 200626 16:00:26 main:140] events addon loaded
[I 200626 16:00:26 main:140] mod addon loaded
[I 200626 16:00:26 main:140] misc addon loaded
[I 200626 16:00:26 main:140] warn addon loaded
[I 200626 16:00:26 main:151] qrgen cog loaded
[I 200626 16:00:26 main:151] memes cog loaded
[I 200626 16:00:26 main:151] toggleroles cog loaded
[I 200626 16:00:26 main:151] colors cog loaded
[I 200626 16:00:26 main:151] accountinfo cog loaded
[I 200626 16:00:26 main:159] LOGIN: Client logged in as Creative Name Here
[I 200626 16:02:17 main:31] Database pool has started!
[I 200626 16:02:17 main:33] Discord Logger has been configured
[I 200626 16:02:20 main:134] jsk has been loaded
[I 200626 16:02:20 main:135] Schema configured
[I 200626 16:02:20 main:140] approval addon loaded
[I 200626 16:02:20 main:140] setup addon loaded
[E 200626 16:02:20 main:144] Failed to load botowner:
    Traceback (most recent call last):
      File "/home/ridley/.local/lib/python3.8/site-packages/discord/ext/commands/bot.py", line 596, in _load_from_module_spec
        spec.loader.exec_module(lib)
      File "<frozen importlib._bootstrap_external>", line 779, in exec_module
      File "<frozen importlib._bootstrap_external>", line 916, in get_code
      File "<frozen importlib._bootstrap_external>", line 846, in source_to_code
      File "<frozen importlib._bootstrap>", line 219, in _call_with_frames_removed
      File "/home/ridley/Untitled-Discord-Bot/addons/botowner.py", line 172
        finally:
               ^
    TabError: inconsistent use of tabs and spaces in indentation
    
    The above exception was the direct cause of the following exception:
    
    Traceback (most recent call last):
      File "/home/ridley/Untitled-Discord-Bot/main.py", line 139, in on_ready
        self.load_extension("addons." + addon)
      File "/home/ridley/.local/lib/python3.8/site-packages/discord/ext/commands/bot.py", line 653, in load_extension
        self._load_from_module_spec(spec, name)
      File "/home/ridley/.local/lib/python3.8/site-packages/discord/ext/commands/bot.py", line 599, in _load_from_module_spec
        raise errors.ExtensionFailed(key, e) from e
    discord.ext.commands.errors.ExtensionFailed: Extension 'addons.botowner' raised an error: TabError: inconsistent use of tabs and spaces in indentation (botowner.py, line 172)
    Traceback (most recent call last):
      File "/home/ridley/.local/lib/python3.8/site-packages/discord/ext/commands/bot.py", line 596, in _load_from_module_spec
        spec.loader.exec_module(lib)
      File "<frozen importlib._bootstrap_external>", line 779, in exec_module
      File "<frozen importlib._bootstrap_external>", line 916, in get_code
      File "<frozen importlib._bootstrap_external>", line 846, in source_to_code
      File "<frozen importlib._bootstrap>", line 219, in _call_with_frames_removed
      File "/home/ridley/Untitled-Discord-Bot/addons/botowner.py", line 172
        finally:
               ^
    TabError: inconsistent use of tabs and spaces in indentation
    
    The above exception was the direct cause of the following exception:
    
    Traceback (most recent call last):
      File "/home/ridley/Untitled-Discord-Bot/main.py", line 139, in on_ready
        self.load_extension("addons." + addon)
      File "/home/ridley/.local/lib/python3.8/site-packages/discord/ext/commands/bot.py", line 653, in load_extension
        self._load_from_module_spec(spec, name)
      File "/home/ridley/.local/lib/python3.8/site-packages/discord/ext/commands/bot.py", line 599, in _load_from_module_spec
        raise errors.ExtensionFailed(key, e) from e
    discord.ext.commands.errors.ExtensionFailed: Extension 'addons.botowner' raised an error: TabError: inconsistent use of tabs and spaces in indentation (botowner.py, line 172)
[I 200626 16:02:20 main:140] events addon loaded
[I 200626 16:02:20 main:140] mod addon loaded
[I 200626 16:02:20 main:140] misc addon loaded
[I 200626 16:02:20 main:140] warn addon loaded
[I 200626 16:02:20 main:151] qrgen cog loaded
[I 200626 16:02:20 main:151] memes cog loaded
[I 200626 16:02:20 main:151] toggleroles cog loaded
[I 200626 16:02:20 main:151] colors cog loaded
[I 200626 16:02:20 main:151] accountinfo cog loaded
[I 200626 16:02:20 main:159] LOGIN: Client logged in as Creative Name Here
[I 200626 16:09:39 main:31] Database pool has started!
[I 200626 16:09:39 main:33] Discord Logger has been configured
[I 200626 16:09:42 main:134] jsk has been loaded
[I 200626 16:09:42 main:135] Schema configured
[I 200626 16:09:42 main:140] approval addon loaded
[I 200626 16:09:42 main:140] setup addon loaded
[I 200626 16:09:42 main:140] botowner addon loaded
[I 200626 16:09:42 main:140] events addon loaded
[I 200626 16:09:42 main:140] mod addon loaded
[I 200626 16:09:42 main:140] misc addon loaded
[I 200626 16:09:42 main:140] warn addon loaded
[I 200626 16:09:42 main:151] qrgen cog loaded
[I 200626 16:09:42 main:151] memes cog loaded
[I 200626 16:09:42 main:151] toggleroles cog loaded
[I 200626 16:09:42 main:151] colors cog loaded
[I 200626 16:09:42 main:151] accountinfo cog loaded
[I 200626 16:09:42 main:159] LOGIN: Client logged in as Creative Name Here
[I 200626 16:18:11 main:31] Database pool has started!
[I 200626 16:18:11 main:33] Discord Logger has been configured
[I 200626 16:18:14 main:134] jsk has been loaded
[I 200626 16:18:14 main:135] Schema configured
[I 200626 16:18:14 main:140] approval addon loaded
[I 200626 16:18:14 main:140] setup addon loaded
[I 200626 16:18:14 main:140] botowner addon loaded
[I 200626 16:18:14 main:140] events addon loaded
[I 200626 16:18:14 main:140] mod addon loaded
[I 200626 16:18:14 main:140] misc addon loaded
[I 200626 16:18:14 main:140] warn addon loaded
[I 200626 16:18:14 main:151] qrgen cog loaded
[I 200626 16:18:14 main:151] memes cog loaded
[I 200626 16:18:14 main:151] toggleroles cog loaded
[I 200626 16:18:14 main:151] colors cog loaded
[I 200626 16:18:14 main:151] accountinfo cog loaded
[I 200626 16:18:14 main:159] LOGIN: Client logged in as Creative Name Here
[I 200626 16:20:54 main:31] Database pool has started!
[I 200626 16:20:54 main:33] Discord Logger has been configured
[I 200626 16:20:57 main:134] jsk has been loaded
[I 200626 16:20:57 main:135] Schema configured
[I 200626 16:20:57 main:140] approval addon loaded
[I 200626 16:20:57 main:140] setup addon loaded
[I 200626 16:20:57 main:140] botowner addon loaded
[I 200626 16:20:57 main:140] events addon loaded
[I 200626 16:20:57 main:140] mod addon loaded
[I 200626 16:20:57 main:140] misc addon loaded
[I 200626 16:20:57 main:140] warn addon loaded
[I 200626 16:20:57 main:151] qrgen cog loaded
[I 200626 16:20:57 main:151] memes cog loaded
[I 200626 16:20:57 main:151] toggleroles cog loaded
[I 200626 16:20:57 main:151] colors cog loaded
[I 200626 16:20:57 main:151] accountinfo cog loaded
[I 200626 16:20:57 main:159] LOGIN: Client logged in as Creative Name Here
[I 200626 16:22:06 main:31] Database pool has started!
[I 200626 16:22:06 main:33] Discord Logger has been configured
[I 200626 16:22:09 main:134] jsk has been loaded
[I 200626 16:22:09 main:135] Schema configured
[I 200626 16:22:09 main:140] approval addon loaded
[I 200626 16:22:09 main:140] setup addon loaded
[I 200626 16:22:09 main:140] botowner addon loaded
[I 200626 16:22:09 main:140] events addon loaded
[I 200626 16:22:09 main:140] mod addon loaded
[I 200626 16:22:09 main:140] misc addon loaded
[I 200626 16:22:09 main:140] warn addon loaded
[I 200626 16:22:09 main:151] qrgen cog loaded
[I 200626 16:22:09 main:151] memes cog loaded
[I 200626 16:22:09 main:151] toggleroles cog loaded
[I 200626 16:22:09 main:151] colors cog loaded
[I 200626 16:22:09 main:151] accountinfo cog loaded
[I 200626 16:22:09 main:159] LOGIN: Client logged in as Creative Name Here
[I 200626 16:55:18 main:31] Database pool has started!
[I 200626 16:55:18 main:33] Discord Logger has been configured
[I 200626 16:55:20 main:134] jsk has been loaded
[I 200626 16:55:20 main:135] Schema configured
[I 200626 16:55:20 main:140] approval addon loaded
[I 200626 16:55:20 main:140] setup addon loaded
[I 200626 16:55:20 main:140] botowner addon loaded
[I 200626 16:55:20 main:140] events addon loaded
[I 200626 16:55:20 main:140] mod addon loaded
[I 200626 16:55:20 main:140] misc addon loaded
[I 200626 16:55:20 main:140] warn addon loaded
[I 200626 16:55:20 main:151] qrgen cog loaded
[I 200626 16:55:20 main:151] memes cog loaded
[I 200626 16:55:20 main:151] toggleroles cog loaded
[I 200626 16:55:20 main:151] colors cog loaded
[I 200626 16:55:20 main:151] accountinfo cog loaded
[I 200626 16:55:20 main:159] LOGIN: Client logged in as Creative Name Here
[I 200626 16:57:48 main:31] Database pool has started!
[I 200626 16:57:48 main:33] Discord Logger has been configured
[I 200626 16:57:50 main:134] jsk has been loaded
[I 200626 16:57:50 main:135] Schema configured
[I 200626 16:57:50 main:140] approval addon loaded
[I 200626 16:57:50 main:140] setup addon loaded
[I 200626 16:57:50 main:140] botowner addon loaded
[I 200626 16:57:50 main:140] events addon loaded
[I 200626 16:57:50 main:140] mod addon loaded
[I 200626 16:57:50 main:140] misc addon loaded
[I 200626 16:57:50 main:140] warn addon loaded
[I 200626 16:57:50 main:151] qrgen cog loaded
[I 200626 16:57:50 main:151] memes cog loaded
[I 200626 16:57:50 main:151] toggleroles cog loaded
[I 200626 16:57:50 main:151] colors cog loaded
[I 200626 16:57:50 main:151] accountinfo cog loaded
[I 200626 16:57:50 main:159] LOGIN: Client logged in as Creative Name Here
[I 200626 16:58:17 main:31] Database pool has started!
[I 200626 16:58:17 main:33] Discord Logger has been configured
[I 200626 16:58:20 main:134] jsk has been loaded
[I 200626 16:58:20 main:135] Schema configured
[I 200626 16:58:20 main:140] approval addon loaded
[I 200626 16:58:20 main:140] setup addon loaded
[I 200626 16:58:20 main:140] botowner addon loaded
[I 200626 16:58:20 main:140] events addon loaded
[I 200626 16:58:20 main:140] mod addon loaded
[I 200626 16:58:20 main:140] misc addon loaded
[I 200626 16:58:20 main:140] warn addon loaded
[I 200626 16:58:20 main:151] qrgen cog loaded
[I 200626 16:58:20 main:151] memes cog loaded
[I 200626 16:58:20 main:151] toggleroles cog loaded
[I 200626 16:58:20 main:151] colors cog loaded
[I 200626 16:58:20 main:151] accountinfo cog loaded
[I 200626 16:58:20 main:159] LOGIN: Client logged in as Creative Name Here
[I 200626 17:12:42 main:31] Database pool has started!
[I 200626 17:12:42 main:33] Discord Logger has been configured
[I 200626 17:12:45 main:134] jsk has been loaded
[I 200626 17:12:45 main:135] Schema configured
[I 200626 17:12:45 main:140] approval addon loaded
[I 200626 17:12:45 main:140] setup addon loaded
[I 200626 17:12:45 main:140] botowner addon loaded
[I 200626 17:12:45 main:140] events addon loaded
[I 200626 17:12:45 main:140] mod addon loaded
[I 200626 17:12:45 main:140] misc addon loaded
[I 200626 17:12:45 main:140] warn addon loaded
[I 200626 17:12:45 main:151] qrgen cog loaded
[I 200626 17:12:45 main:151] memes cog loaded
[I 200626 17:12:45 main:151] toggleroles cog loaded
[I 200626 17:12:45 main:151] colors cog loaded
[I 200626 17:12:45 main:151] accountinfo cog loaded
[I 200626 17:12:45 main:159] LOGIN: Client logged in as Creative Name Here
[I 200626 17:14:45 main:31] Database pool has started!
[I 200626 17:14:45 main:33] Discord Logger has been configured
[I 200626 17:14:48 main:134] jsk has been loaded
[I 200626 17:14:48 main:135] Schema configured
[I 200626 17:14:48 main:140] approval addon loaded
[I 200626 17:14:48 main:140] setup addon loaded
[I 200626 17:14:48 main:140] botowner addon loaded
[I 200626 17:14:48 main:140] events addon loaded
[I 200626 17:14:48 main:140] mod addon loaded
[I 200626 17:14:48 main:140] misc addon loaded
[I 200626 17:14:48 main:140] warn addon loaded
[I 200626 17:14:48 main:151] qrgen cog loaded
[I 200626 17:14:48 main:151] memes cog loaded
[I 200626 17:14:48 main:151] toggleroles cog loaded
[I 200626 17:14:48 main:151] colors cog loaded
[I 200626 17:14:48 main:151] accountinfo cog loaded
[I 200626 17:14:48 main:159] LOGIN: Client logged in as Creative Name Here
[I 200626 17:23:09 main:31] Database pool has started!
[I 200626 17:23:09 main:33] Discord Logger has been configured
[I 200626 17:23:12 main:134] jsk has been loaded
[I 200626 17:23:12 main:135] Schema configured
[I 200626 17:23:12 main:140] approval addon loaded
[I 200626 17:23:12 main:140] setup addon loaded
[I 200626 17:23:12 main:140] botowner addon loaded
[I 200626 17:23:12 main:140] events addon loaded
[I 200626 17:23:12 main:140] mod addon loaded
[I 200626 17:23:12 main:140] misc addon loaded
[I 200626 17:23:12 main:140] warn addon loaded
[I 200626 17:23:12 main:151] qrgen cog loaded
[I 200626 17:23:12 main:151] memes cog loaded
[I 200626 17:23:12 main:151] toggleroles cog loaded
[I 200626 17:23:12 main:151] colors cog loaded
[I 200626 17:23:12 main:151] accountinfo cog loaded
[I 200626 17:23:12 main:159] LOGIN: Client logged in as Creative Name Here
[I 200626 17:23:19 main:31] Database pool has started!
[I 200626 17:23:19 main:33] Discord Logger has been configured
[I 200626 17:23:22 main:134] jsk has been loaded
[I 200626 17:23:22 main:135] Schema configured
[I 200626 17:23:22 main:140] approval addon loaded
[I 200626 17:23:22 main:140] setup addon loaded
[I 200626 17:23:22 main:140] botowner addon loaded
[I 200626 17:23:22 main:140] events addon loaded
[I 200626 17:23:22 main:140] mod addon loaded
[I 200626 17:23:22 main:140] misc addon loaded
[I 200626 17:23:22 main:140] warn addon loaded
[I 200626 17:23:22 main:151] qrgen cog loaded
[I 200626 17:23:22 main:151] memes cog loaded
[I 200626 17:23:22 main:151] toggleroles cog loaded
[I 200626 17:23:22 main:151] colors cog loaded
[I 200626 17:23:22 main:151] accountinfo cog loaded
[I 200626 17:23:22 main:159] LOGIN: Client logged in as Creative Name Here
[I 200626 17:23:33 main:31] Database pool has started!
[I 200626 17:23:33 main:33] Discord Logger has been configured
[I 200626 17:23:36 main:134] jsk has been loaded
[I 200626 17:23:36 main:135] Schema configured
[I 200626 17:23:36 main:140] approval addon loaded
[I 200626 17:23:36 main:140] setup addon loaded
[I 200626 17:23:36 main:140] botowner addon loaded
[I 200626 17:23:36 main:140] events addon loaded
[I 200626 17:23:36 main:140] mod addon loaded
[I 200626 17:23:36 main:140] misc addon loaded
[I 200626 17:23:36 main:140] warn addon loaded
[I 200626 17:23:36 main:151] qrgen cog loaded
[I 200626 17:23:36 main:151] memes cog loaded
[I 200626 17:23:36 main:151] toggleroles cog loaded
[I 200626 17:23:36 main:151] colors cog loaded
[I 200626 17:23:36 main:151] accountinfo cog loaded
[I 200626 17:23:36 main:159] LOGIN: Client logged in as Creative Name Here
[I 200626 17:25:44 main:31] Database pool has started!
[I 200626 17:25:44 main:33] Discord Logger has been configured
[I 200626 17:25:47 main:134] jsk has been loaded
[I 200626 17:25:47 main:135] Schema configured
[I 200626 17:25:47 main:140] approval addon loaded
[I 200626 17:25:47 main:140] setup addon loaded
[I 200626 17:25:47 main:140] botowner addon loaded
[I 200626 17:25:47 main:140] events addon loaded
[I 200626 17:25:47 main:140] mod addon loaded
[I 200626 17:25:47 main:140] misc addon loaded
[I 200626 17:25:47 main:140] warn addon loaded
[I 200626 17:25:47 main:151] qrgen cog loaded
[I 200626 17:25:47 main:151] memes cog loaded
[I 200626 17:25:47 main:151] toggleroles cog loaded
[I 200626 17:25:47 main:151] colors cog loaded
[I 200626 17:25:47 main:151] accountinfo cog loaded
[I 200626 17:25:47 main:159] LOGIN: Client logged in as Creative Name Here
[I 200626 19:15:09 main:31] Database pool has started!
[I 200626 19:15:09 main:33] Discord Logger has been configured
[I 200626 19:15:12 main:134] jsk has been loaded
[I 200626 19:15:12 main:135] Schema configured
[I 200626 19:15:12 main:140] approval addon loaded
[I 200626 19:15:12 main:140] setup addon loaded
[I 200626 19:15:12 main:140] botowner addon loaded
[I 200626 19:15:12 main:140] events addon loaded
[I 200626 19:15:12 main:140] mod addon loaded
[I 200626 19:15:12 main:140] misc addon loaded
[I 200626 19:15:12 main:140] warn addon loaded
[I 200626 19:15:12 main:151] qrgen cog loaded
[I 200626 19:15:12 main:151] memes cog loaded
[I 200626 19:15:12 main:151] toggleroles cog loaded
[I 200626 19:15:12 main:151] colors cog loaded
[I 200626 19:15:12 main:151] accountinfo cog loaded
[I 200626 19:15:12 main:159] LOGIN: Client logged in as Creative Name Here
[I 200626 19:17:18 main:31] Database pool has started!
[I 200626 19:17:18 main:33] Discord Logger has been configured
[I 200626 19:17:21 main:134] jsk has been loaded
[I 200626 19:17:21 main:135] Schema configured
[I 200626 19:17:21 main:140] approval addon loaded
[I 200626 19:17:21 main:140] setup addon loaded
[I 200626 19:17:21 main:140] botowner addon loaded
[I 200626 19:17:21 main:140] events addon loaded
[I 200626 19:17:21 main:140] mod addon loaded
[I 200626 19:17:21 main:140] misc addon loaded
[I 200626 19:17:21 main:140] warn addon loaded
[I 200626 19:17:21 main:151] qrgen cog loaded
[I 200626 19:17:21 main:151] memes cog loaded
[I 200626 19:17:21 main:151] toggleroles cog loaded
[I 200626 19:17:21 main:151] colors cog loaded
[I 200626 19:17:21 main:151] accountinfo cog loaded
[I 200626 19:17:21 main:159] LOGIN: Client logged in as Creative Name Here
[I 200626 19:18:14 main:31] Database pool has started!
[I 200626 19:18:14 main:33] Discord Logger has been configured
[I 200626 19:18:17 main:134] jsk has been loaded
[I 200626 19:18:17 main:135] Schema configured
[I 200626 19:18:17 main:140] approval addon loaded
[I 200626 19:18:17 main:140] setup addon loaded
[I 200626 19:18:17 main:140] botowner addon loaded
[I 200626 19:18:17 main:140] events addon loaded
[I 200626 19:18:17 main:140] mod addon loaded
[I 200626 19:18:17 main:140] misc addon loaded
[I 200626 19:18:17 main:140] warn addon loaded
[I 200626 19:18:17 main:151] qrgen cog loaded
[I 200626 19:18:17 main:151] memes cog loaded
[I 200626 19:18:17 main:151] toggleroles cog loaded
[I 200626 19:18:17 main:151] colors cog loaded
[I 200626 19:18:17 main:151] accountinfo cog loaded
[I 200626 19:18:17 main:159] LOGIN: Client logged in as Creative Name Here
[I 200626 21:24:56 main:31] Database pool has started!
[I 200626 21:24:56 main:33] Discord Logger has been configured
[I 200626 21:24:59 main:134] jsk has been loaded
[I 200626 21:24:59 main:135] Schema configured
[I 200626 21:24:59 main:140] approval addon loaded
[I 200626 21:24:59 main:140] setup addon loaded
[I 200626 21:24:59 main:140] botowner addon loaded
[I 200626 21:24:59 main:140] events addon loaded
[I 200626 21:24:59 main:140] mod addon loaded
[I 200626 21:24:59 main:140] misc addon loaded
[I 200626 21:24:59 main:140] warn addon loaded
[I 200626 21:24:59 main:151] qrgen cog loaded
[I 200626 21:24:59 main:151] memes cog loaded
[I 200626 21:24:59 main:151] toggleroles cog loaded
[I 200626 21:24:59 main:151] colors cog loaded
[I 200626 21:24:59 main:151] accountinfo cog loaded
[I 200626 21:24:59 main:159] LOGIN: Client logged in as Terrygon
[I 200626 22:18:29 main:31] Database pool has started!
[I 200626 22:18:29 main:33] Discord Logger has been configured
[I 200626 22:18:32 main:134] jsk has been loaded
[I 200626 22:18:32 main:135] Schema configured
[I 200626 22:18:32 main:140] approval addon loaded
[I 200626 22:18:32 main:140] setup addon loaded
[I 200626 22:18:32 main:140] botowner addon loaded
[I 200626 22:18:32 main:140] events addon loaded
[I 200626 22:18:32 main:140] mod addon loaded
[I 200626 22:18:32 main:140] misc addon loaded
[I 200626 22:18:32 main:140] warn addon loaded
[I 200626 22:18:32 main:151] qrgen cog loaded
[I 200626 22:18:32 main:151] memes cog loaded
[I 200626 22:18:32 main:151] toggleroles cog loaded
[I 200626 22:18:32 main:151] colors cog loaded
[I 200626 22:18:32 main:151] accountinfo cog loaded
[I 200626 22:18:32 main:159] LOGIN: Client logged in as Terrygon
[I 200626 22:29:05 main:31] Database pool has started!
[I 200626 22:29:05 main:33] Discord Logger has been configured
[I 200626 22:29:07 main:134] jsk has been loaded
[I 200626 22:29:07 main:135] Schema configured
[I 200626 22:29:07 main:140] approval addon loaded
[I 200626 22:29:07 main:140] setup addon loaded
[I 200626 22:29:08 main:140] botowner addon loaded
[I 200626 22:29:08 main:140] events addon loaded
[I 200626 22:29:08 main:140] mod addon loaded
[I 200626 22:29:08 main:140] misc addon loaded
[I 200626 22:29:08 main:140] warn addon loaded
[I 200626 22:29:08 main:151] qrgen cog loaded
[I 200626 22:29:08 main:151] memes cog loaded
[I 200626 22:29:08 main:151] toggleroles cog loaded
[I 200626 22:29:08 main:151] colors cog loaded
[I 200626 22:29:08 main:151] accountinfo cog loaded
[I 200626 22:29:08 main:159] LOGIN: Client logged in as Terrygon
[I 200626 22:32:14 main:31] Database pool has started!
[I 200626 22:32:14 main:33] Discord Logger has been configured
[I 200626 22:32:17 main:134] jsk has been loaded
[I 200626 22:32:17 main:135] Schema configured
[I 200626 22:32:17 main:140] approval addon loaded
[I 200626 22:32:17 main:140] setup addon loaded
[I 200626 22:32:17 main:140] botowner addon loaded
[I 200626 22:32:17 main:140] events addon loaded
[I 200626 22:32:17 main:140] mod addon loaded
[I 200626 22:32:17 main:140] misc addon loaded
[I 200626 22:32:17 main:140] warn addon loaded
[I 200626 22:32:17 main:151] qrgen cog loaded
[I 200626 22:32:17 main:151] memes cog loaded
[I 200626 22:32:17 main:151] toggleroles cog loaded
[I 200626 22:32:17 main:151] colors cog loaded
[I 200626 22:32:17 main:151] accountinfo cog loaded
[I 200626 22:32:17 main:159] LOGIN: Client logged in as Terrygon
